\BOOKMARK [0][-]{chapter*.1}{ACKNOWLEDGEMENTS}{}% 1
\BOOKMARK [0][-]{chapter*.2}{ABSTRACT}{}% 2
\BOOKMARK [0][-]{chapter*.4}{LIST OF TABLES}{}% 3
\BOOKMARK [0][-]{chapter*.5}{LIST OF FIGURES}{}% 4
\BOOKMARK [0][-]{chapter.1}{Introduction}{}% 5
\BOOKMARK [1][-]{section.1.1}{Introduction}{chapter.1}% 6
\BOOKMARK [0][-]{chapter.2}{Related Work}{}% 7
\BOOKMARK [1][-]{section.2.1}{Related Work}{chapter.2}% 8
\BOOKMARK [0][-]{chapter.3}{Problem Statement}{}% 9
\BOOKMARK [1][-]{section.3.1}{Problem Statement}{chapter.3}% 10
\BOOKMARK [0][-]{chapter.4}{Similarity Measure}{}% 11
\BOOKMARK [1][-]{section.4.1}{Similarity measure}{chapter.4}% 12
\BOOKMARK [0][-]{chapter.5}{M-tree Based Indexing}{}% 13
\BOOKMARK [1][-]{section.5.1}{M-tree Based indexing}{chapter.5}% 14
\BOOKMARK [2][-]{subsection.5.1.1}{M-tree Data Structure}{section.5.1}% 15
\BOOKMARK [2][-]{subsection.5.1.2}{Information in the data structure}{section.5.1}% 16
\BOOKMARK [2][-]{subsection.5.1.3}{Baseline Indexing approach}{section.5.1}% 17
\BOOKMARK [2][-]{subsection.5.1.4}{Choosing pivot}{section.5.1}% 18
\BOOKMARK [2][-]{subsection.5.1.5}{Range Search Querying}{section.5.1}% 19
\BOOKMARK [2][-]{subsection.5.1.6}{Lipschitz Embedding}{section.5.1}% 20
\BOOKMARK [0][-]{chapter.6}{Experiments - M-tree Indexing}{}% 21
\BOOKMARK [1][-]{section.6.1}{Experiments - M-tree indexing}{chapter.6}% 22
\BOOKMARK [2][-]{subsection.6.1.1}{Different pivots}{section.6.1}% 23
\BOOKMARK [2][-]{subsection.6.1.2}{Different outlier base size}{section.6.1}% 24
\BOOKMARK [2][-]{subsection.6.1.3}{Different distance range queries}{section.6.1}% 25
\BOOKMARK [0][-]{chapter.7}{Inverted Indexing}{}% 26
\BOOKMARK [1][-]{section.7.1}{Inverted indexing}{chapter.7}% 27
\BOOKMARK [2][-]{subsection.7.1.1}{Analysis of the Data}{section.7.1}% 28
\BOOKMARK [2][-]{subsection.7.1.2}{Inverted indexing}{section.7.1}% 29
\BOOKMARK [0][-]{chapter.8}{Experiments - Inverted Indexing}{}% 30
\BOOKMARK [1][-]{section.8.1}{Experiments - Inverted Indexing}{chapter.8}% 31
\BOOKMARK [0][-]{chapter.9}{Data Characteristics}{}% 32
\BOOKMARK [1][-]{section.9.1}{Affect of Data on our Techniques}{chapter.9}% 33
\BOOKMARK [0][-]{chapter.10}{Conclusion}{}% 34
\BOOKMARK [1][-]{section.10.1}{Conclusions and Future Directions}{chapter.10}% 35
\BOOKMARK [0][-]{chapter.11}{Future Work}{}% 36
